c:\users\marcin\documents\year 3\gameengine\game_engine_stan_lee\debug\vc140.pdb
c:\users\marcin\documents\year 3\gameengine\game_engine_stan_lee\debug\vc140.idb
c:\users\marcin\documents\year 3\gameengine\game_engine_stan_lee\debug\rendercomp_3d.obj
c:\users\marcin\documents\year 3\gameengine\game_engine_stan_lee\debug\transform.obj
c:\users\marcin\documents\year 3\gameengine\game_engine_stan_lee\debug\transform_2d.obj
c:\users\marcin\documents\year 3\gameengine\game_engine_stan_lee\debug\transform_3d.obj
c:\users\marcin\documents\year 3\gameengine\game_engine_stan_lee\debug\shader.obj
c:\users\marcin\documents\year 3\gameengine\game_engine_stan_lee\debug\texture.obj
c:\users\marcin\documents\year 3\gameengine\game_engine_stan_lee\debug\camera_2d.obj
c:\users\marcin\documents\year 3\gameengine\game_engine_stan_lee\debug\camera_3d.obj
c:\users\marcin\documents\year 3\gameengine\game_engine_stan_lee\debug\gameobject_3d.obj
c:\users\marcin\documents\year 3\gameengine\game_engine_stan_lee\debug\game_object.obj
c:\users\marcin\documents\year 3\gameengine\game_engine_stan_lee\debug\light.obj
c:\users\marcin\documents\year 3\gameengine\game_engine_stan_lee\debug\point_light.obj
c:\users\marcin\documents\year 3\gameengine\game_engine_stan_lee\debug\loader.obj
c:\users\marcin\documents\year 3\gameengine\game_engine_stan_lee\debug\sceneloader.obj
c:\users\marcin\documents\year 3\gameengine\game_engine_stan_lee\debug\mesh.obj
c:\users\marcin\documents\year 3\gameengine\game_engine_stan_lee\debug\mesh_3d.obj
c:\users\marcin\documents\year 3\gameengine\game_engine_stan_lee\debug\scene.obj
c:\users\marcin\documents\year 3\gameengine\game_engine_stan_lee\debug\state.obj
c:\users\marcin\documents\year 3\gameengine\game_engine_stan_lee\debug\game.obj
c:\users\marcin\documents\year 3\gameengine\game_engine_stan_lee\debug\game_scene.obj
c:\users\marcin\documents\year 3\gameengine\game_engine_stan_lee\debug\application.obj
c:\users\marcin\documents\year 3\gameengine\game_engine_stan_lee\debug\main.obj
c:\users\marcin\documents\year 3\gameengine\game_engine_stan_lee\debug\program_template.obj
c:\users\marcin\documents\year 3\gameengine\game_engine_stan_lee\debug\component.obj
c:\users\marcin\documents\year 3\gameengine\game_engine_stan_lee\debug\rendercomp.obj
c:\users\marcin\documents\year 3\gameengine\game_engine_stan_lee\debug\rendercomp_2d.obj
c:\users\marcin\documents\year 3\gameengine\game_engine_stan_lee\debug\game_engine.ilk
c:\users\marcin\documents\year 3\gameengine\game_engine_stan_lee\debug\game_engine.exe
c:\users\marcin\documents\year 3\gameengine\game_engine_stan_lee\debug\game_engine.pdb
c:\users\marcin\documents\year 3\gameengine\game_engine_stan_lee\debug\game_engine.tlog\cl.command.1.tlog
c:\users\marcin\documents\year 3\gameengine\game_engine_stan_lee\debug\game_engine.tlog\cl.read.1.tlog
c:\users\marcin\documents\year 3\gameengine\game_engine_stan_lee\debug\game_engine.tlog\cl.write.1.tlog
c:\users\marcin\documents\year 3\gameengine\game_engine_stan_lee\debug\game_engine.tlog\link.command.1.tlog
c:\users\marcin\documents\year 3\gameengine\game_engine_stan_lee\debug\game_engine.tlog\link.read.1.tlog
c:\users\marcin\documents\year 3\gameengine\game_engine_stan_lee\debug\game_engine.tlog\link.write.1.tlog
