  Editor.cpp
  Arrow_3D.cpp
  Scene_2D.cpp
src\Editor\Scene\Scene_2D.cpp(45): warning C4244: 'argument': conversion from 'float' to 'GLint', possible loss of data
  Scene_3D.cpp
src\Editor\Scene\Scene_3D.cpp(30): error C2259: 'Button': cannot instantiate abstract class
  src\Editor\Scene\Scene_3D.cpp(30): note: due to following members:
  src\Editor\Scene\Scene_3D.cpp(30): note: 'void Game_Object::renderDepth(Shader *)': is abstract
  C:\Users\Lee\Desktop\Newnewnew\include\Engine\Game_Objects\Game_Object.h(55): note: see declaration of 'Game_Object::renderDepth'
src\Editor\Scene\Scene_3D.cpp(31): error C2259: 'Button': cannot instantiate abstract class
  src\Editor\Scene\Scene_3D.cpp(31): note: due to following members:
  src\Editor\Scene\Scene_3D.cpp(31): note: 'void Game_Object::renderDepth(Shader *)': is abstract
  C:\Users\Lee\Desktop\Newnewnew\include\Engine\Game_Objects\Game_Object.h(55): note: see declaration of 'Game_Object::renderDepth'
src\Editor\Scene\Scene_3D.cpp(32): error C2259: 'Button': cannot instantiate abstract class
  src\Editor\Scene\Scene_3D.cpp(32): note: due to following members:
  src\Editor\Scene\Scene_3D.cpp(32): note: 'void Game_Object::renderDepth(Shader *)': is abstract
  C:\Users\Lee\Desktop\Newnewnew\include\Engine\Game_Objects\Game_Object.h(55): note: see declaration of 'Game_Object::renderDepth'
src\Editor\Scene\Scene_3D.cpp(33): error C2259: 'Button': cannot instantiate abstract class
  src\Editor\Scene\Scene_3D.cpp(33): note: due to following members:
  src\Editor\Scene\Scene_3D.cpp(33): note: 'void Game_Object::renderDepth(Shader *)': is abstract
  C:\Users\Lee\Desktop\Newnewnew\include\Engine\Game_Objects\Game_Object.h(55): note: see declaration of 'Game_Object::renderDepth'
src\Editor\Scene\Scene_3D.cpp(34): error C2259: 'Button': cannot instantiate abstract class
  src\Editor\Scene\Scene_3D.cpp(34): note: due to following members:
  src\Editor\Scene\Scene_3D.cpp(34): note: 'void Game_Object::renderDepth(Shader *)': is abstract
  C:\Users\Lee\Desktop\Newnewnew\include\Engine\Game_Objects\Game_Object.h(55): note: see declaration of 'Game_Object::renderDepth'
src\Editor\Scene\Scene_3D.cpp(36): error C2259: 'Text': cannot instantiate abstract class
  src\Editor\Scene\Scene_3D.cpp(36): note: due to following members:
  src\Editor\Scene\Scene_3D.cpp(36): note: 'void Game_Object::renderDepth(Shader *)': is abstract
  C:\Users\Lee\Desktop\Newnewnew\include\Engine\Game_Objects\Game_Object.h(55): note: see declaration of 'Game_Object::renderDepth'
src\Editor\Scene\Scene_3D.cpp(37): error C2259: 'Textbox': cannot instantiate abstract class
  src\Editor\Scene\Scene_3D.cpp(37): note: due to following members:
  src\Editor\Scene\Scene_3D.cpp(37): note: 'void Game_Object::renderDepth(Shader *)': is abstract
  C:\Users\Lee\Desktop\Newnewnew\include\Engine\Game_Objects\Game_Object.h(55): note: see declaration of 'Game_Object::renderDepth'
src\Editor\Scene\Scene_3D.cpp(38): error C2259: 'Text': cannot instantiate abstract class
  src\Editor\Scene\Scene_3D.cpp(38): note: due to following members:
  src\Editor\Scene\Scene_3D.cpp(38): note: 'void Game_Object::renderDepth(Shader *)': is abstract
  C:\Users\Lee\Desktop\Newnewnew\include\Engine\Game_Objects\Game_Object.h(55): note: see declaration of 'Game_Object::renderDepth'
src\Editor\Scene\Scene_3D.cpp(39): error C2259: 'Textbox': cannot instantiate abstract class
  src\Editor\Scene\Scene_3D.cpp(39): note: due to following members:
  src\Editor\Scene\Scene_3D.cpp(39): note: 'void Game_Object::renderDepth(Shader *)': is abstract
  C:\Users\Lee\Desktop\Newnewnew\include\Engine\Game_Objects\Game_Object.h(55): note: see declaration of 'Game_Object::renderDepth'
src\Editor\Scene\Scene_3D.cpp(40): error C2259: 'Text': cannot instantiate abstract class
  src\Editor\Scene\Scene_3D.cpp(40): note: due to following members:
  src\Editor\Scene\Scene_3D.cpp(40): note: 'void Game_Object::renderDepth(Shader *)': is abstract
  C:\Users\Lee\Desktop\Newnewnew\include\Engine\Game_Objects\Game_Object.h(55): note: see declaration of 'Game_Object::renderDepth'
src\Editor\Scene\Scene_3D.cpp(41): error C2259: 'Textbox': cannot instantiate abstract class
  src\Editor\Scene\Scene_3D.cpp(41): note: due to following members:
  src\Editor\Scene\Scene_3D.cpp(41): note: 'void Game_Object::renderDepth(Shader *)': is abstract
  C:\Users\Lee\Desktop\Newnewnew\include\Engine\Game_Objects\Game_Object.h(55): note: see declaration of 'Game_Object::renderDepth'
src\Editor\Scene\Scene_3D.cpp(42): error C2259: 'Text': cannot instantiate abstract class
  src\Editor\Scene\Scene_3D.cpp(42): note: due to following members:
  src\Editor\Scene\Scene_3D.cpp(42): note: 'void Game_Object::renderDepth(Shader *)': is abstract
  C:\Users\Lee\Desktop\Newnewnew\include\Engine\Game_Objects\Game_Object.h(55): note: see declaration of 'Game_Object::renderDepth'
src\Editor\Scene\Scene_3D.cpp(43): error C2259: 'Textbox': cannot instantiate abstract class
  src\Editor\Scene\Scene_3D.cpp(43): note: due to following members:
  src\Editor\Scene\Scene_3D.cpp(43): note: 'void Game_Object::renderDepth(Shader *)': is abstract
  C:\Users\Lee\Desktop\Newnewnew\include\Engine\Game_Objects\Game_Object.h(55): note: see declaration of 'Game_Object::renderDepth'
src\Editor\Scene\Scene_3D.cpp(44): error C2259: 'Text': cannot instantiate abstract class
  src\Editor\Scene\Scene_3D.cpp(44): note: due to following members:
  src\Editor\Scene\Scene_3D.cpp(44): note: 'void Game_Object::renderDepth(Shader *)': is abstract
  C:\Users\Lee\Desktop\Newnewnew\include\Engine\Game_Objects\Game_Object.h(55): note: see declaration of 'Game_Object::renderDepth'
src\Editor\Scene\Scene_3D.cpp(45): error C2259: 'Textbox': cannot instantiate abstract class
  src\Editor\Scene\Scene_3D.cpp(45): note: due to following members:
  src\Editor\Scene\Scene_3D.cpp(45): note: 'void Game_Object::renderDepth(Shader *)': is abstract
  C:\Users\Lee\Desktop\Newnewnew\include\Engine\Game_Objects\Game_Object.h(55): note: see declaration of 'Game_Object::renderDepth'
src\Editor\Scene\Scene_3D.cpp(47): error C2259: 'Text': cannot instantiate abstract class
  src\Editor\Scene\Scene_3D.cpp(47): note: due to following members:
  src\Editor\Scene\Scene_3D.cpp(47): note: 'void Game_Object::renderDepth(Shader *)': is abstract
  C:\Users\Lee\Desktop\Newnewnew\include\Engine\Game_Objects\Game_Object.h(55): note: see declaration of 'Game_Object::renderDepth'
src\Editor\Scene\Scene_3D.cpp(48): error C2259: 'Textbox': cannot instantiate abstract class
  src\Editor\Scene\Scene_3D.cpp(48): note: due to following members:
  src\Editor\Scene\Scene_3D.cpp(48): note: 'void Game_Object::renderDepth(Shader *)': is abstract
  C:\Users\Lee\Desktop\Newnewnew\include\Engine\Game_Objects\Game_Object.h(55): note: see declaration of 'Game_Object::renderDepth'
src\Editor\Scene\Scene_3D.cpp(49): error C2259: 'Text': cannot instantiate abstract class
  src\Editor\Scene\Scene_3D.cpp(49): note: due to following members:
  src\Editor\Scene\Scene_3D.cpp(49): note: 'void Game_Object::renderDepth(Shader *)': is abstract
  C:\Users\Lee\Desktop\Newnewnew\include\Engine\Game_Objects\Game_Object.h(55): note: see declaration of 'Game_Object::renderDepth'
src\Editor\Scene\Scene_3D.cpp(50): error C2259: 'Textbox': cannot instantiate abstract class
  src\Editor\Scene\Scene_3D.cpp(50): note: due to following members:
  src\Editor\Scene\Scene_3D.cpp(50): note: 'void Game_Object::renderDepth(Shader *)': is abstract
  C:\Users\Lee\Desktop\Newnewnew\include\Engine\Game_Objects\Game_Object.h(55): note: see declaration of 'Game_Object::renderDepth'
src\Editor\Scene\Scene_3D.cpp(51): error C2259: 'Text': cannot instantiate abstract class
  src\Editor\Scene\Scene_3D.cpp(51): note: due to following members:
  src\Editor\Scene\Scene_3D.cpp(51): note: 'void Game_Object::renderDepth(Shader *)': is abstract
  C:\Users\Lee\Desktop\Newnewnew\include\Engine\Game_Objects\Game_Object.h(55): note: see declaration of 'Game_Object::renderDepth'
src\Editor\Scene\Scene_3D.cpp(52): error C2259: 'Textbox': cannot instantiate abstract class
  src\Editor\Scene\Scene_3D.cpp(52): note: due to following members:
  src\Editor\Scene\Scene_3D.cpp(52): note: 'void Game_Object::renderDepth(Shader *)': is abstract
  C:\Users\Lee\Desktop\Newnewnew\include\Engine\Game_Objects\Game_Object.h(55): note: see declaration of 'Game_Object::renderDepth'
src\Editor\Scene\Scene_3D.cpp(53): error C2259: 'Text': cannot instantiate abstract class
  src\Editor\Scene\Scene_3D.cpp(53): note: due to following members:
  src\Editor\Scene\Scene_3D.cpp(53): note: 'void Game_Object::renderDepth(Shader *)': is abstract
  C:\Users\Lee\Desktop\Newnewnew\include\Engine\Game_Objects\Game_Object.h(55): note: see declaration of 'Game_Object::renderDepth'
src\Editor\Scene\Scene_3D.cpp(54): error C2259: 'Textbox': cannot instantiate abstract class
  src\Editor\Scene\Scene_3D.cpp(54): note: due to following members:
  src\Editor\Scene\Scene_3D.cpp(54): note: 'void Game_Object::renderDepth(Shader *)': is abstract
  C:\Users\Lee\Desktop\Newnewnew\include\Engine\Game_Objects\Game_Object.h(55): note: see declaration of 'Game_Object::renderDepth'
src\Editor\Scene\Scene_3D.cpp(55): error C2259: 'Text': cannot instantiate abstract class
  src\Editor\Scene\Scene_3D.cpp(55): note: due to following members:
  src\Editor\Scene\Scene_3D.cpp(55): note: 'void Game_Object::renderDepth(Shader *)': is abstract
  C:\Users\Lee\Desktop\Newnewnew\include\Engine\Game_Objects\Game_Object.h(55): note: see declaration of 'Game_Object::renderDepth'
src\Editor\Scene\Scene_3D.cpp(56): error C2259: 'Textbox': cannot instantiate abstract class
  src\Editor\Scene\Scene_3D.cpp(56): note: due to following members:
  src\Editor\Scene\Scene_3D.cpp(56): note: 'void Game_Object::renderDepth(Shader *)': is abstract
  C:\Users\Lee\Desktop\Newnewnew\include\Engine\Game_Objects\Game_Object.h(55): note: see declaration of 'Game_Object::renderDepth'
src\Editor\Scene\Scene_3D.cpp(124): warning C4244: 'argument': conversion from 'float' to 'GLint', possible loss of data
src\Editor\Scene\Scene_3D.cpp(401): error C2661: 'SceneLoader::SceneLoader': no overloaded function takes 4 arguments
  Application.cpp
src\Engine\App\Application.cpp(103): warning C4244: '=': conversion from 'double' to 'GLfloat', possible loss of data
  Respond_Movement.cpp
  Transform.cpp
  Transform_2D.cpp
  Transform_3D.cpp
  Transform_Instanced.cpp
  Shader.cpp
  GameObject_2D.cpp
  GameObject_3D.cpp
src\Engine\Game_Objects\GameObject_3D.cpp(298): error C2084: function 'void GameObject_3D::setFiring(bool)' already has a body
  src\Engine\Game_Objects\GameObject_3D.cpp(292): note: see previous definition of 'setFiring'
  GameObject_Instanced.cpp
src\Engine\Game_Objects\GameObject_Instanced.cpp(158): warning C4018: '<': signed/unsigned mismatch
src\Engine\Game_Objects\GameObject_Instanced.cpp(218): warning C4018: '<': signed/unsigned mismatch
  Button.cpp
src\Engine\GUI\Button.cpp(14): error C2259: 'RenderComp_2D': cannot instantiate abstract class
  src\Engine\GUI\Button.cpp(14): note: due to following members:
  src\Engine\GUI\Button.cpp(14): note: 'void RenderComp::renderInstanced(int,int,Shader *,int,int,float [])': is abstract
  C:\Users\Lee\Desktop\Newnewnew\include\Engine\Component\RenderComp.h(24): note: see declaration of 'RenderComp::renderInstanced'
src\Engine\GUI\Button.cpp(28): error C2259: 'Text': cannot instantiate abstract class
  src\Engine\GUI\Button.cpp(28): note: due to following members:
  src\Engine\GUI\Button.cpp(28): note: 'void Game_Object::renderDepth(Shader *)': is abstract
  C:\Users\Lee\Desktop\Newnewnew\include\Engine\Game_Objects\Game_Object.h(55): note: see declaration of 'Game_Object::renderDepth'
  Font.cpp
  Glyph.cpp
  Letter.cpp
src\Engine\GUI\Letter.cpp(17): error C2259: 'RenderComp_2D': cannot instantiate abstract class
  src\Engine\GUI\Letter.cpp(17): note: due to following members:
  src\Engine\GUI\Letter.cpp(17): note: 'void RenderComp::renderInstanced(int,int,Shader *,int,int,float [])': is abstract
  C:\Users\Lee\Desktop\Newnewnew\include\Engine\Component\RenderComp.h(24): note: see declaration of 'RenderComp::renderInstanced'
  Text.cpp
src\Engine\GUI\Text.cpp(25): warning C4018: '<': signed/unsigned mismatch
src\Engine\GUI\Text.cpp(27): error C2259: 'Letter': cannot instantiate abstract class
  src\Engine\GUI\Text.cpp(27): note: due to following members:
  src\Engine\GUI\Text.cpp(27): note: 'void Game_Object::renderDepth(Shader *)': is abstract
  C:\Users\Lee\Desktop\Newnewnew\include\Engine\Game_Objects\Game_Object.h(55): note: see declaration of 'Game_Object::renderDepth'
src\Engine\GUI\Text.cpp(32): error C2259: 'Letter': cannot instantiate abstract class
  src\Engine\GUI\Text.cpp(32): note: due to following members:
  src\Engine\GUI\Text.cpp(32): note: 'void Game_Object::renderDepth(Shader *)': is abstract
  C:\Users\Lee\Desktop\Newnewnew\include\Engine\Game_Objects\Game_Object.h(55): note: see declaration of 'Game_Object::renderDepth'
src\Engine\GUI\Text.cpp(39): warning C4018: '<': signed/unsigned mismatch
src\Engine\GUI\Text.cpp(55): warning C4018: '<': signed/unsigned mismatch
src\Engine\GUI\Text.cpp(64): warning C4018: '<': signed/unsigned mismatch
src\Engine\GUI\Text.cpp(66): error C2259: 'Letter': cannot instantiate abstract class
  src\Engine\GUI\Text.cpp(66): note: due to following members:
  src\Engine\GUI\Text.cpp(66): note: 'void Game_Object::renderDepth(Shader *)': is abstract
  C:\Users\Lee\Desktop\Newnewnew\include\Engine\Game_Objects\Game_Object.h(55): note: see declaration of 'Game_Object::renderDepth'
src\Engine\GUI\Text.cpp(71): error C2259: 'Letter': cannot instantiate abstract class
  src\Engine\GUI\Text.cpp(71): note: due to following members:
  src\Engine\GUI\Text.cpp(71): note: 'void Game_Object::renderDepth(Shader *)': is abstract
  C:\Users\Lee\Desktop\Newnewnew\include\Engine\Game_Objects\Game_Object.h(55): note: see declaration of 'Game_Object::renderDepth'
src\Engine\GUI\Text.cpp(78): warning C4018: '<': signed/unsigned mismatch
src\Engine\GUI\Text.cpp(89): warning C4018: '<': signed/unsigned mismatch
src\Engine\GUI\Text.cpp(95): warning C4018: '<': signed/unsigned mismatch
src\Engine\GUI\Text.cpp(110): warning C4018: '<': signed/unsigned mismatch
src\Engine\GUI\Text.cpp(116): error C2259: 'Letter': cannot instantiate abstract class
  src\Engine\GUI\Text.cpp(116): note: due to following members:
  src\Engine\GUI\Text.cpp(116): note: 'void Game_Object::renderDepth(Shader *)': is abstract
  C:\Users\Lee\Desktop\Newnewnew\include\Engine\Game_Objects\Game_Object.h(55): note: see declaration of 'Game_Object::renderDepth'
src\Engine\GUI\Text.cpp(121): error C2259: 'Letter': cannot instantiate abstract class
  src\Engine\GUI\Text.cpp(121): note: due to following members:
  src\Engine\GUI\Text.cpp(121): note: 'void Game_Object::renderDepth(Shader *)': is abstract
  C:\Users\Lee\Desktop\Newnewnew\include\Engine\Game_Objects\Game_Object.h(55): note: see declaration of 'Game_Object::renderDepth'
  Textbox.cpp
src\Engine\GUI\Textbox.cpp(15): error C2259: 'RenderComp_2D': cannot instantiate abstract class
  src\Engine\GUI\Textbox.cpp(15): note: due to following members:
  src\Engine\GUI\Textbox.cpp(15): note: 'void RenderComp::renderInstanced(int,int,Shader *,int,int,float [])': is abstract
  C:\Users\Lee\Desktop\Newnewnew\include\Engine\Component\RenderComp.h(24): note: see declaration of 'RenderComp::renderInstanced'
src\Engine\GUI\Textbox.cpp(29): error C2259: 'Text': cannot instantiate abstract class
  src\Engine\GUI\Textbox.cpp(29): note: due to following members:
  src\Engine\GUI\Textbox.cpp(29): note: 'void Game_Object::renderDepth(Shader *)': is abstract
  C:\Users\Lee\Desktop\Newnewnew\include\Engine\Game_Objects\Game_Object.h(55): note: see declaration of 'Game_Object::renderDepth'
src\Engine\GUI\Textbox.cpp(55): error C2259: 'Text': cannot instantiate abstract class
  src\Engine\GUI\Textbox.cpp(55): note: due to following members:
  src\Engine\GUI\Textbox.cpp(55): note: 'void Game_Object::renderDepth(Shader *)': is abstract
  C:\Users\Lee\Desktop\Newnewnew\include\Engine\Game_Objects\Game_Object.h(55): note: see declaration of 'Game_Object::renderDepth'
  Compiling...
  Tile.cpp
src\Engine\GUI\Tile.cpp(13): error C2259: 'RenderComp_2D': cannot instantiate abstract class
  src\Engine\GUI\Tile.cpp(13): note: due to following members:
  src\Engine\GUI\Tile.cpp(13): note: 'void RenderComp::renderInstanced(int,int,Shader *,int,int,float [])': is abstract
  C:\Users\Lee\Desktop\Newnewnew\include\Engine\Component\RenderComp.h(24): note: see declaration of 'RenderComp::renderInstanced'
  Light.cpp
  Loader.cpp
src\Engine\Loaders\Loader.cpp(80): error C2259: 'Mesh_Instanced': cannot instantiate abstract class
  src\Engine\Loaders\Loader.cpp(80): note: due to following members:
  src\Engine\Loaders\Loader.cpp(80): note: 'std::string Component::get_Type(void)': is abstract
  C:\Users\Lee\Desktop\Newnewnew\include\Engine\Component\Component.h(18): note: see declaration of 'Component::get_Type'
src\Engine\Loaders\Loader.cpp(90): error C2259: 'Mesh_Instanced': cannot instantiate abstract class
  src\Engine\Loaders\Loader.cpp(90): note: due to following members:
  src\Engine\Loaders\Loader.cpp(90): note: 'std::string Component::get_Type(void)': is abstract
  C:\Users\Lee\Desktop\Newnewnew\include\Engine\Component\Component.h(18): note: see declaration of 'Component::get_Type'
  PrefabLoader.cpp
src\Engine\Loaders\PrefabLoader.cpp(292): warning C4101: 'f_Angle': unreferenced local variable
  SceneLoader.cpp
src\Engine\Loaders\SceneLoader.cpp(61): warning C4018: '<': signed/unsigned mismatch
src\Engine\Loaders\SceneLoader.cpp(102): warning C4244: 'initializing': conversion from 'double' to 'float', possible loss of data
src\Engine\Loaders\SceneLoader.cpp(113): error C2512: 'RenderComp_Instanced::RenderComp_Instanced': no appropriate default constructor available
src\Engine\Loaders\SceneLoader.cpp(113): error C2660: 'GameObject_Instanced::add_Component': function does not take 1 arguments
src\Engine\Loaders\SceneLoader.cpp(154): error C2039: 'set_ID': is not a member of 'Point_Light'
  C:\Users\Lee\Desktop\Newnewnew\include\Engine\Lighting\Point_Light.h(5): note: see declaration of 'Point_Light'
src\Engine\Loaders\SceneLoader.cpp(180): warning C4244: '=': conversion from 'double' to 'float', possible loss of data
src\Engine\Loaders\SceneLoader.cpp(193): warning C4800: 'const char *': forcing value to bool 'true' or 'false' (performance warning)
src\Engine\Loaders\SceneLoader.cpp(194): warning C4800: 'const char *': forcing value to bool 'true' or 'false' (performance warning)
src\Engine\Loaders\SceneLoader.cpp(195): warning C4800: 'const char *': forcing value to bool 'true' or 'false' (performance warning)
src\Engine\Loaders\SceneLoader.cpp(213): error C2259: 'AIController': cannot instantiate abstract class
  src\Engine\Loaders\SceneLoader.cpp(213): note: due to following members:
  src\Engine\Loaders\SceneLoader.cpp(213): note: 'std::string Component::get_Type(void)': is abstract
  C:\Users\Lee\Desktop\Newnewnew\include\Engine\Component\Component.h(18): note: see declaration of 'Component::get_Type'
src\Engine\Loaders\SceneLoader.cpp(536): warning C4244: 'argument': conversion from 'float' to 'GLsizei', possible loss of data
src\Engine\Loaders\SceneLoader.cpp(579): warning C4244: 'argument': conversion from 'float' to 'GLsizei', possible loss of data
  SceneSaver.cpp
  Mesh.cpp
  State_Attack.cpp
  State_Patrol.cpp
  Bullet.cpp
  Game_Scene.cpp
src\Game\Scene\Game_Scene.cpp(39): error C2661: 'SceneLoader::SceneLoader': no overloaded function takes 4 arguments
src\Game\Scene\Game_Scene.cpp(501): error C2661: 'SceneLoader::SceneLoader': no overloaded function takes 4 arguments
